<?xml version="1.0" encoding="UTF-8"?>
<testsuite xmlns:xsi="http://www.w3.org/2001/XMLSchema-instance" xsi:noNamespaceSchemaLocation="https://maven.apache.org/surefire/maven-surefire-plugin/xsd/surefire-test-report.xsd" name="com.zh.ch.bigdata.AppTest" time="0.031" tests="1" errors="0" skipped="0" failures="0">
  <properties>
    <property name="sun.desktop" value="windows"/>
    <property name="awt.toolkit" value="sun.awt.windows.WToolkit"/>
    <property name="file.encoding.pkg" value="sun.io"/>
    <property name="java.specification.version" value="1.8"/>
    <property name="sun.cpu.isalist" value="amd64"/>
    <property name="sun.jnu.encoding" value="GBK"/>
    <property name="java.class.path" value="C:\Users\hadoop\company\bigdata\bigdata-2\hadoop\target\test-classes;C:\Users\hadoop\company\bigdata\bigdata-2\hadoop\target\classes;C:\Users\hadoop\.m2\repository\junit\junit\4.11\junit-4.11.jar;C:\Users\hadoop\.m2\repository\org\hamcrest\hamcrest-core\1.3\hamcrest-core-1.3.jar;C:\Users\hadoop\.m2\repository\org\apache\hadoop\hadoop-common\2.6.0\hadoop-common-2.6.0.jar;C:\Users\hadoop\.m2\repository\org\apache\hadoop\hadoop-annotations\2.6.0\hadoop-annotations-2.6.0.jar;C:\Program Files\Java\jdk1.8.0_202\jre\..\lib\tools.jar;C:\Users\hadoop\.m2\repository\com\google\guava\guava\11.0.2\guava-11.0.2.jar;C:\Users\hadoop\.m2\repository\commons-cli\commons-cli\1.2\commons-cli-1.2.jar;C:\Users\hadoop\.m2\repository\org\apache\commons\commons-math3\3.1.1\commons-math3-3.1.1.jar;C:\Users\hadoop\.m2\repository\xmlenc\xmlenc\0.52\xmlenc-0.52.jar;C:\Users\hadoop\.m2\repository\commons-httpclient\commons-httpclient\3.1\commons-httpclient-3.1.jar;C:\Users\hadoop\.m2\repository\commons-codec\commons-codec\1.4\commons-codec-1.4.jar;C:\Users\hadoop\.m2\repository\commons-io\commons-io\2.4\commons-io-2.4.jar;C:\Users\hadoop\.m2\repository\commons-net\commons-net\3.1\commons-net-3.1.jar;C:\Users\hadoop\.m2\repository\commons-collections\commons-collections\3.2.1\commons-collections-3.2.1.jar;C:\Users\hadoop\.m2\repository\javax\servlet\servlet-api\2.5\servlet-api-2.5.jar;C:\Users\hadoop\.m2\repository\org\mortbay\jetty\jetty\6.1.26\jetty-6.1.26.jar;C:\Users\hadoop\.m2\repository\org\mortbay\jetty\jetty-util\6.1.26\jetty-util-6.1.26.jar;C:\Users\hadoop\.m2\repository\com\sun\jersey\jersey-core\1.9\jersey-core-1.9.jar;C:\Users\hadoop\.m2\repository\com\sun\jersey\jersey-json\1.9\jersey-json-1.9.jar;C:\Users\hadoop\.m2\repository\org\codehaus\jettison\jettison\1.1\jettison-1.1.jar;C:\Users\hadoop\.m2\repository\com\sun\xml\bind\jaxb-impl\2.2.3-1\jaxb-impl-2.2.3-1.jar;C:\Users\hadoop\.m2\repository\org\codehaus\jackson\jackson-jaxrs\1.8.3\jackson-jaxrs-1.8.3.jar;C:\Users\hadoop\.m2\repository\org\codehaus\jackson\jackson-xc\1.8.3\jackson-xc-1.8.3.jar;C:\Users\hadoop\.m2\repository\com\sun\jersey\jersey-server\1.9\jersey-server-1.9.jar;C:\Users\hadoop\.m2\repository\asm\asm\3.1\asm-3.1.jar;C:\Users\hadoop\.m2\repository\tomcat\jasper-compiler\5.5.23\jasper-compiler-5.5.23.jar;C:\Users\hadoop\.m2\repository\tomcat\jasper-runtime\5.5.23\jasper-runtime-5.5.23.jar;C:\Users\hadoop\.m2\repository\javax\servlet\jsp\jsp-api\2.1\jsp-api-2.1.jar;C:\Users\hadoop\.m2\repository\commons-el\commons-el\1.0\commons-el-1.0.jar;C:\Users\hadoop\.m2\repository\commons-logging\commons-logging\1.1.3\commons-logging-1.1.3.jar;C:\Users\hadoop\.m2\repository\log4j\log4j\1.2.17\log4j-1.2.17.jar;C:\Users\hadoop\.m2\repository\net\java\dev\jets3t\jets3t\0.9.0\jets3t-0.9.0.jar;C:\Users\hadoop\.m2\repository\org\apache\httpcomponents\httpclient\4.1.2\httpclient-4.1.2.jar;C:\Users\hadoop\.m2\repository\org\apache\httpcomponents\httpcore\4.1.2\httpcore-4.1.2.jar;C:\Users\hadoop\.m2\repository\com\jamesmurty\utils\java-xmlbuilder\0.4\java-xmlbuilder-0.4.jar;C:\Users\hadoop\.m2\repository\commons-lang\commons-lang\2.6\commons-lang-2.6.jar;C:\Users\hadoop\.m2\repository\commons-configuration\commons-configuration\1.6\commons-configuration-1.6.jar;C:\Users\hadoop\.m2\repository\commons-digester\commons-digester\1.8\commons-digester-1.8.jar;C:\Users\hadoop\.m2\repository\commons-beanutils\commons-beanutils\1.7.0\commons-beanutils-1.7.0.jar;C:\Users\hadoop\.m2\repository\commons-beanutils\commons-beanutils-core\1.8.0\commons-beanutils-core-1.8.0.jar;C:\Users\hadoop\.m2\repository\org\slf4j\slf4j-api\1.7.5\slf4j-api-1.7.5.jar;C:\Users\hadoop\.m2\repository\org\slf4j\slf4j-log4j12\1.7.25\slf4j-log4j12-1.7.25.jar;C:\Users\hadoop\.m2\repository\org\codehaus\jackson\jackson-core-asl\1.9.13\jackson-core-asl-1.9.13.jar;C:\Users\hadoop\.m2\repository\org\codehaus\jackson\jackson-mapper-asl\1.9.13\jackson-mapper-asl-1.9.13.jar;C:\Users\hadoop\.m2\repository\org\apache\avro\avro\1.7.4\avro-1.7.4.jar;C:\Users\hadoop\.m2\repository\com\thoughtworks\paranamer\paranamer\2.3\paranamer-2.3.jar;C:\Users\hadoop\.m2\repository\org\xerial\snappy\snappy-java\1.0.4.1\snappy-java-1.0.4.1.jar;C:\Users\hadoop\.m2\repository\com\google\protobuf\protobuf-java\2.5.0\protobuf-java-2.5.0.jar;C:\Users\hadoop\.m2\repository\com\google\code\gson\gson\2.2.4\gson-2.2.4.jar;C:\Users\hadoop\.m2\repository\org\apache\hadoop\hadoop-auth\2.6.0\hadoop-auth-2.6.0.jar;C:\Users\hadoop\.m2\repository\org\apache\directory\server\apacheds-kerberos-codec\2.0.0-M15\apacheds-kerberos-codec-2.0.0-M15.jar;C:\Users\hadoop\.m2\repository\org\apache\directory\server\apacheds-i18n\2.0.0-M15\apacheds-i18n-2.0.0-M15.jar;C:\Users\hadoop\.m2\repository\org\apache\directory\api\api-asn1-api\1.0.0-M20\api-asn1-api-1.0.0-M20.jar;C:\Users\hadoop\.m2\repository\org\apache\directory\api\api-util\1.0.0-M20\api-util-1.0.0-M20.jar;C:\Users\hadoop\.m2\repository\org\apache\curator\curator-framework\2.6.0\curator-framework-2.6.0.jar;C:\Users\hadoop\.m2\repository\com\jcraft\jsch\0.1.42\jsch-0.1.42.jar;C:\Users\hadoop\.m2\repository\org\apache\curator\curator-client\2.6.0\curator-client-2.6.0.jar;C:\Users\hadoop\.m2\repository\org\apache\curator\curator-recipes\2.6.0\curator-recipes-2.6.0.jar;C:\Users\hadoop\.m2\repository\com\google\code\findbugs\jsr305\1.3.9\jsr305-1.3.9.jar;C:\Users\hadoop\.m2\repository\org\htrace\htrace-core\3.0.4\htrace-core-3.0.4.jar;C:\Users\hadoop\.m2\repository\org\apache\zookeeper\zookeeper\3.4.6\zookeeper-3.4.6.jar;C:\Users\hadoop\.m2\repository\org\apache\commons\commons-compress\1.4.1\commons-compress-1.4.1.jar;C:\Users\hadoop\.m2\repository\org\tukaani\xz\1.0\xz-1.0.jar;C:\Users\hadoop\.m2\repository\org\apache\hadoop\hadoop-hdfs\2.6.0\hadoop-hdfs-2.6.0.jar;C:\Users\hadoop\.m2\repository\commons-daemon\commons-daemon\1.0.13\commons-daemon-1.0.13.jar;C:\Users\hadoop\.m2\repository\io\netty\netty\3.6.2.Final\netty-3.6.2.Final.jar;C:\Users\hadoop\.m2\repository\xerces\xercesImpl\2.9.1\xercesImpl-2.9.1.jar;C:\Users\hadoop\.m2\repository\xml-apis\xml-apis\1.3.04\xml-apis-1.3.04.jar;C:\Users\hadoop\.m2\repository\org\apache\hadoop\hadoop-yarn-client\2.6.0\hadoop-yarn-client-2.6.0.jar;C:\Users\hadoop\.m2\repository\org\apache\hadoop\hadoop-yarn-api\2.6.0\hadoop-yarn-api-2.6.0.jar;C:\Users\hadoop\.m2\repository\org\apache\hadoop\hadoop-yarn-common\2.6.0\hadoop-yarn-common-2.6.0.jar;C:\Users\hadoop\.m2\repository\javax\xml\bind\jaxb-api\2.2.2\jaxb-api-2.2.2.jar;C:\Users\hadoop\.m2\repository\javax\xml\stream\stax-api\1.0-2\stax-api-1.0-2.jar;C:\Users\hadoop\.m2\repository\javax\activation\activation\1.1\activation-1.1.jar;C:\Users\hadoop\.m2\repository\com\sun\jersey\jersey-client\1.9\jersey-client-1.9.jar;C:\Users\hadoop\.m2\repository\com\google\inject\extensions\guice-servlet\3.0\guice-servlet-3.0.jar;C:\Users\hadoop\.m2\repository\com\google\inject\guice\3.0\guice-3.0.jar;C:\Users\hadoop\.m2\repository\javax\inject\javax.inject\1\javax.inject-1.jar;C:\Users\hadoop\.m2\repository\aopalliance\aopalliance\1.0\aopalliance-1.0.jar;C:\Users\hadoop\.m2\repository\com\sun\jersey\contribs\jersey-guice\1.9\jersey-guice-1.9.jar;"/>
    <property name="java.vm.vendor" value="Oracle Corporation"/>
    <property name="sun.arch.data.model" value="64"/>
    <property name="user.variant" value=""/>
    <property name="java.vendor.url" value="http://java.oracle.com/"/>
    <property name="user.timezone" value="Asia/Shanghai"/>
    <property name="java.vm.specification.version" value="1.8"/>
    <property name="os.name" value="Windows 10"/>
    <property name="user.country" value="CN"/>
    <property name="sun.java.launcher" value="SUN_STANDARD"/>
    <property name="sun.boot.library.path" value="C:\Program Files\Java\jdk1.8.0_202\jre\bin"/>
    <property name="sun.java.command" value="C:\Users\hadoop\AppData\Local\Temp\surefire7357584686666668341\surefirebooter3088102329804949029.jar C:\Users\hadoop\AppData\Local\Temp\surefire7357584686666668341 2021-04-01T13-28-21_318-jvmRun1 surefire1821484072735148251tmp surefire_72312429682150386500tmp"/>
    <property name="surefire.test.class.path" value="C:\Users\hadoop\company\bigdata\bigdata-2\hadoop\target\test-classes;C:\Users\hadoop\company\bigdata\bigdata-2\hadoop\target\classes;C:\Users\hadoop\.m2\repository\junit\junit\4.11\junit-4.11.jar;C:\Users\hadoop\.m2\repository\org\hamcrest\hamcrest-core\1.3\hamcrest-core-1.3.jar;C:\Users\hadoop\.m2\repository\org\apache\hadoop\hadoop-common\2.6.0\hadoop-common-2.6.0.jar;C:\Users\hadoop\.m2\repository\org\apache\hadoop\hadoop-annotations\2.6.0\hadoop-annotations-2.6.0.jar;C:\Program Files\Java\jdk1.8.0_202\jre\..\lib\tools.jar;C:\Users\hadoop\.m2\repository\com\google\guava\guava\11.0.2\guava-11.0.2.jar;C:\Users\hadoop\.m2\repository\commons-cli\commons-cli\1.2\commons-cli-1.2.jar;C:\Users\hadoop\.m2\repository\org\apache\commons\commons-math3\3.1.1\commons-math3-3.1.1.jar;C:\Users\hadoop\.m2\repository\xmlenc\xmlenc\0.52\xmlenc-0.52.jar;C:\Users\hadoop\.m2\repository\commons-httpclient\commons-httpclient\3.1\commons-httpclient-3.1.jar;C:\Users\hadoop\.m2\repository\commons-codec\commons-codec\1.4\commons-codec-1.4.jar;C:\Users\hadoop\.m2\repository\commons-io\commons-io\2.4\commons-io-2.4.jar;C:\Users\hadoop\.m2\repository\commons-net\commons-net\3.1\commons-net-3.1.jar;C:\Users\hadoop\.m2\repository\commons-collections\commons-collections\3.2.1\commons-collections-3.2.1.jar;C:\Users\hadoop\.m2\repository\javax\servlet\servlet-api\2.5\servlet-api-2.5.jar;C:\Users\hadoop\.m2\repository\org\mortbay\jetty\jetty\6.1.26\jetty-6.1.26.jar;C:\Users\hadoop\.m2\repository\org\mortbay\jetty\jetty-util\6.1.26\jetty-util-6.1.26.jar;C:\Users\hadoop\.m2\repository\com\sun\jersey\jersey-core\1.9\jersey-core-1.9.jar;C:\Users\hadoop\.m2\repository\com\sun\jersey\jersey-json\1.9\jersey-json-1.9.jar;C:\Users\hadoop\.m2\repository\org\codehaus\jettison\jettison\1.1\jettison-1.1.jar;C:\Users\hadoop\.m2\repository\com\sun\xml\bind\jaxb-impl\2.2.3-1\jaxb-impl-2.2.3-1.jar;C:\Users\hadoop\.m2\repository\org\codehaus\jackson\jackson-jaxrs\1.8.3\jackson-jaxrs-1.8.3.jar;C:\Users\hadoop\.m2\repository\org\codehaus\jackson\jackson-xc\1.8.3\jackson-xc-1.8.3.jar;C:\Users\hadoop\.m2\repository\com\sun\jersey\jersey-server\1.9\jersey-server-1.9.jar;C:\Users\hadoop\.m2\repository\asm\asm\3.1\asm-3.1.jar;C:\Users\hadoop\.m2\repository\tomcat\jasper-compiler\5.5.23\jasper-compiler-5.5.23.jar;C:\Users\hadoop\.m2\repository\tomcat\jasper-runtime\5.5.23\jasper-runtime-5.5.23.jar;C:\Users\hadoop\.m2\repository\javax\servlet\jsp\jsp-api\2.1\jsp-api-2.1.jar;C:\Users\hadoop\.m2\repository\commons-el\commons-el\1.0\commons-el-1.0.jar;C:\Users\hadoop\.m2\repository\commons-logging\commons-logging\1.1.3\commons-logging-1.1.3.jar;C:\Users\hadoop\.m2\repository\log4j\log4j\1.2.17\log4j-1.2.17.jar;C:\Users\hadoop\.m2\repository\net\java\dev\jets3t\jets3t\0.9.0\jets3t-0.9.0.jar;C:\Users\hadoop\.m2\repository\org\apache\httpcomponents\httpclient\4.1.2\httpclient-4.1.2.jar;C:\Users\hadoop\.m2\repository\org\apache\httpcomponents\httpcore\4.1.2\httpcore-4.1.2.jar;C:\Users\hadoop\.m2\repository\com\jamesmurty\utils\java-xmlbuilder\0.4\java-xmlbuilder-0.4.jar;C:\Users\hadoop\.m2\repository\commons-lang\commons-lang\2.6\commons-lang-2.6.jar;C:\Users\hadoop\.m2\repository\commons-configuration\commons-configuration\1.6\commons-configuration-1.6.jar;C:\Users\hadoop\.m2\repository\commons-digester\commons-digester\1.8\commons-digester-1.8.jar;C:\Users\hadoop\.m2\repository\commons-beanutils\commons-beanutils\1.7.0\commons-beanutils-1.7.0.jar;C:\Users\hadoop\.m2\repository\commons-beanutils\commons-beanutils-core\1.8.0\commons-beanutils-core-1.8.0.jar;C:\Users\hadoop\.m2\repository\org\slf4j\slf4j-api\1.7.5\slf4j-api-1.7.5.jar;C:\Users\hadoop\.m2\repository\org\slf4j\slf4j-log4j12\1.7.25\slf4j-log4j12-1.7.25.jar;C:\Users\hadoop\.m2\repository\org\codehaus\jackson\jackson-core-asl\1.9.13\jackson-core-asl-1.9.13.jar;C:\Users\hadoop\.m2\repository\org\codehaus\jackson\jackson-mapper-asl\1.9.13\jackson-mapper-asl-1.9.13.jar;C:\Users\hadoop\.m2\repository\org\apache\avro\avro\1.7.4\avro-1.7.4.jar;C:\Users\hadoop\.m2\repository\com\thoughtworks\paranamer\paranamer\2.3\paranamer-2.3.jar;C:\Users\hadoop\.m2\repository\org\xerial\snappy\snappy-java\1.0.4.1\snappy-java-1.0.4.1.jar;C:\Users\hadoop\.m2\repository\com\google\protobuf\protobuf-java\2.5.0\protobuf-java-2.5.0.jar;C:\Users\hadoop\.m2\repository\com\google\code\gson\gson\2.2.4\gson-2.2.4.jar;C:\Users\hadoop\.m2\repository\org\apache\hadoop\hadoop-auth\2.6.0\hadoop-auth-2.6.0.jar;C:\Users\hadoop\.m2\repository\org\apache\directory\server\apacheds-kerberos-codec\2.0.0-M15\apacheds-kerberos-codec-2.0.0-M15.jar;C:\Users\hadoop\.m2\repository\org\apache\directory\server\apacheds-i18n\2.0.0-M15\apacheds-i18n-2.0.0-M15.jar;C:\Users\hadoop\.m2\repository\org\apache\directory\api\api-asn1-api\1.0.0-M20\api-asn1-api-1.0.0-M20.jar;C:\Users\hadoop\.m2\repository\org\apache\directory\api\api-util\1.0.0-M20\api-util-1.0.0-M20.jar;C:\Users\hadoop\.m2\repository\org\apache\curator\curator-framework\2.6.0\curator-framework-2.6.0.jar;C:\Users\hadoop\.m2\repository\com\jcraft\jsch\0.1.42\jsch-0.1.42.jar;C:\Users\hadoop\.m2\repository\org\apache\curator\curator-client\2.6.0\curator-client-2.6.0.jar;C:\Users\hadoop\.m2\repository\org\apache\curator\curator-recipes\2.6.0\curator-recipes-2.6.0.jar;C:\Users\hadoop\.m2\repository\com\google\code\findbugs\jsr305\1.3.9\jsr305-1.3.9.jar;C:\Users\hadoop\.m2\repository\org\htrace\htrace-core\3.0.4\htrace-core-3.0.4.jar;C:\Users\hadoop\.m2\repository\org\apache\zookeeper\zookeeper\3.4.6\zookeeper-3.4.6.jar;C:\Users\hadoop\.m2\repository\org\apache\commons\commons-compress\1.4.1\commons-compress-1.4.1.jar;C:\Users\hadoop\.m2\repository\org\tukaani\xz\1.0\xz-1.0.jar;C:\Users\hadoop\.m2\repository\org\apache\hadoop\hadoop-hdfs\2.6.0\hadoop-hdfs-2.6.0.jar;C:\Users\hadoop\.m2\repository\commons-daemon\commons-daemon\1.0.13\commons-daemon-1.0.13.jar;C:\Users\hadoop\.m2\repository\io\netty\netty\3.6.2.Final\netty-3.6.2.Final.jar;C:\Users\hadoop\.m2\repository\xerces\xercesImpl\2.9.1\xercesImpl-2.9.1.jar;C:\Users\hadoop\.m2\repository\xml-apis\xml-apis\1.3.04\xml-apis-1.3.04.jar;C:\Users\hadoop\.m2\repository\org\apache\hadoop\hadoop-yarn-client\2.6.0\hadoop-yarn-client-2.6.0.jar;C:\Users\hadoop\.m2\repository\org\apache\hadoop\hadoop-yarn-api\2.6.0\hadoop-yarn-api-2.6.0.jar;C:\Users\hadoop\.m2\repository\org\apache\hadoop\hadoop-yarn-common\2.6.0\hadoop-yarn-common-2.6.0.jar;C:\Users\hadoop\.m2\repository\javax\xml\bind\jaxb-api\2.2.2\jaxb-api-2.2.2.jar;C:\Users\hadoop\.m2\repository\javax\xml\stream\stax-api\1.0-2\stax-api-1.0-2.jar;C:\Users\hadoop\.m2\repository\javax\activation\activation\1.1\activation-1.1.jar;C:\Users\hadoop\.m2\repository\com\sun\jersey\jersey-client\1.9\jersey-client-1.9.jar;C:\Users\hadoop\.m2\repository\com\google\inject\extensions\guice-servlet\3.0\guice-servlet-3.0.jar;C:\Users\hadoop\.m2\repository\com\google\inject\guice\3.0\guice-3.0.jar;C:\Users\hadoop\.m2\repository\javax\inject\javax.inject\1\javax.inject-1.jar;C:\Users\hadoop\.m2\repository\aopalliance\aopalliance\1.0\aopalliance-1.0.jar;C:\Users\hadoop\.m2\repository\com\sun\jersey\contribs\jersey-guice\1.9\jersey-guice-1.9.jar;"/>
    <property name="sun.cpu.endian" value="little"/>
    <property name="user.home" value="C:\Users\hadoop"/>
    <property name="user.language" value="zh"/>
    <property name="java.specification.vendor" value="Oracle Corporation"/>
    <property name="java.home" value="C:\Program Files\Java\jdk1.8.0_202\jre"/>
    <property name="basedir" value="C:\Users\hadoop\company\bigdata\bigdata-2\hadoop"/>
    <property name="file.separator" value="\"/>
    <property name="line.separator" value="&#10;"/>
    <property name="java.vm.specification.vendor" value="Oracle Corporation"/>
    <property name="java.specification.name" value="Java Platform API Specification"/>
    <property name="java.awt.graphicsenv" value="sun.awt.Win32GraphicsEnvironment"/>
    <property name="surefire.real.class.path" value="C:\Users\hadoop\AppData\Local\Temp\surefire7357584686666668341\surefirebooter3088102329804949029.jar"/>
    <property name="sun.boot.class.path" value="C:\Program Files\Java\jdk1.8.0_202\jre\lib\resources.jar;C:\Program Files\Java\jdk1.8.0_202\jre\lib\rt.jar;C:\Program Files\Java\jdk1.8.0_202\jre\lib\sunrsasign.jar;C:\Program Files\Java\jdk1.8.0_202\jre\lib\jsse.jar;C:\Program Files\Java\jdk1.8.0_202\jre\lib\jce.jar;C:\Program Files\Java\jdk1.8.0_202\jre\lib\charsets.jar;C:\Program Files\Java\jdk1.8.0_202\jre\lib\jfr.jar;C:\Program Files\Java\jdk1.8.0_202\jre\classes"/>
    <property name="user.script" value=""/>
    <property name="sun.management.compiler" value="HotSpot 64-Bit Tiered Compilers"/>
    <property name="java.runtime.version" value="1.8.0_202-b08"/>
    <property name="user.name" value="hadoop"/>
    <property name="path.separator" value=";"/>
    <property name="os.version" value="10.0"/>
    <property name="java.endorsed.dirs" value="C:\Program Files\Java\jdk1.8.0_202\jre\lib\endorsed"/>
    <property name="java.runtime.name" value="Java(TM) SE Runtime Environment"/>
    <property name="file.encoding" value="GBK"/>
    <property name="java.vm.name" value="Java HotSpot(TM) 64-Bit Server VM"/>
    <property name="localRepository" value="C:\Users\hadoop\.m2\repository"/>
    <property name="java.vendor.url.bug" value="http://bugreport.sun.com/bugreport/"/>
    <property name="java.io.tmpdir" value="C:\Users\hadoop\AppData\Local\Temp\"/>
    <property name="java.version" value="1.8.0_202"/>
    <property name="user.dir" value="C:\Users\hadoop\company\bigdata\bigdata-2\hadoop"/>
    <property name="os.arch" value="amd64"/>
    <property name="java.vm.specification.name" value="Java Virtual Machine Specification"/>
    <property name="java.awt.printerjob" value="sun.awt.windows.WPrinterJob"/>
    <property name="sun.os.patch.level" value=""/>
    <property name="java.library.path" value="C:\Program Files\Java\jdk1.8.0_202\jre\bin;C:\WINDOWS\Sun\Java\bin;C:\WINDOWS\system32;C:\WINDOWS;C:\Program Files (x86)\NetSarang\Xftp 6\;C:\Program Files (x86)\Razer Chroma SDK\bin;C:\Program Files\Razer Chroma SDK\bin;C:\Program Files (x86)\NetSarang\Xshell 6\;C:\Program Files (x86)\Razer\ChromaBroadcast\bin;C:\Program Files\Razer\ChromaBroadcast\bin;C:\Windows\system32;C:\Windows;C:\Windows\System32\Wbem;C:\Windows\System32\WindowsPowerShell\v1.0\;C:\Windows\System32\OpenSSH\;C:\Program Files (x86)\NVIDIA Corporation\PhysX\Common;C:\Program Files\NVIDIA Corporation\NVIDIA NvDLISR;C:\WINDOWS\system32;C:\WINDOWS;C:\WINDOWS\System32\Wbem;C:\WINDOWS\System32\WindowsPowerShell\v1.0\;C:\WINDOWS\System32\OpenSSH\;C:\WINDOWS\system32\config\systemprofile\AppData\Local\Microsoft\WindowsApps;C:\Program Files\Git\cmd;C:\Program Files (x86)\scala\bin;C:\Program Files\TortoiseSVN\bin;C:\Program Files\nodejs\;C:\Program Files (x86)\MIT\Kerberos\bin;C:\Program Files (x86)\ZeroTier\One\;C:\Program Files\Pandoc\;%SystemRoot%\system32;%SystemRoot%;%SystemRoot%\System32\Wbem;%SYSTEMROOT%\System32\WindowsPowerShell\v1.0\;%SYSTEMROOT%\System32\OpenSSH\;C:\Users\hadoop\AppData\Local\Microsoft\WindowsApps;C:\texlive\2020\bin\win32;C:\SoftwareInstall\apache-maven-3.6.3\bin;C:\Users\hadoop\anaconda3\condabin;C:\Users\hadoop\AppData\Local\atom\bin;C:\Users\hadoop\AppData\Roaming\npm;C:\Program Files\Docker Toolbox;C:\SoftwareInstall\thrift\0.13.0;C:\Users\hadoop\AppData\Local\GitHubDesktop\bin;C:\Users\hadoop\AppData\Local\Programs\Microsoft VS Code\bin;C:\SoftwareInstall\mysql-5.7.25-winx64\bin;C:\Program Files\Java\jdk1.8.0_202\bin;;%USERPROFILE%\AppData\Local\Microsoft\WindowsApps;."/>
    <property name="java.vm.info" value="mixed mode"/>
    <property name="java.vendor" value="Oracle Corporation"/>
    <property name="java.vm.version" value="25.202-b08"/>
    <property name="java.ext.dirs" value="C:\Program Files\Java\jdk1.8.0_202\jre\lib\ext;C:\WINDOWS\Sun\Java\lib\ext"/>
    <property name="sun.io.unicode.encoding" value="UnicodeLittle"/>
    <property name="java.class.version" value="52.0"/>
  </properties>
  <testcase name="shouldAnswerWithTrue" classname="com.zh.ch.bigdata.AppTest" time="0.001"/>
</testsuite>